Using pre-set license
Built from '2021.3/staging' branch; Version is '2021.3.15f1 (e8e88683f834) revision 15263878'; Using compiler version '192829333'; Build Type 'Release'
OS: 'Windows 10  (10.0.19045) 64bit Professional' Language: 'ru' Physical Memory: 32486 MB
BatchMode: 1, IsHumanControllingUs: 0, StartBugReporterOnCrash: 0, Is64bit: 1, IsPro: 1

COMMAND LINE ARGUMENTS:
C:\Program Files\Unity\Hub\Editor\2021.3.15f1\Editor\Unity.exe
-adb2
-batchMode
-noUpm
-name
AssetImportWorker4
-projectPath
F:/Mansion
-logFile
Logs/AssetImportWorker4.log
-srvPort
61756
Successfully changed project path to: F:/Mansion
F:/Mansion
[UnityMemory] Configuration Parameters - Can be set up in boot.config
    "memorysetup-bucket-allocator-granularity=16"
    "memorysetup-bucket-allocator-bucket-count=8"
    "memorysetup-bucket-allocator-block-size=33554432"
    "memorysetup-bucket-allocator-block-count=8"
    "memorysetup-main-allocator-block-size=16777216"
    "memorysetup-thread-allocator-block-size=16777216"
    "memorysetup-gfx-main-allocator-block-size=16777216"
    "memorysetup-gfx-thread-allocator-block-size=16777216"
    "memorysetup-cache-allocator-block-size=4194304"
    "memorysetup-typetree-allocator-block-size=2097152"
    "memorysetup-profiler-bucket-allocator-granularity=16"
    "memorysetup-profiler-bucket-allocator-bucket-count=8"
    "memorysetup-profiler-bucket-allocator-block-size=33554432"
    "memorysetup-profiler-bucket-allocator-block-count=8"
    "memorysetup-profiler-allocator-block-size=16777216"
    "memorysetup-profiler-editor-allocator-block-size=1048576"
    "memorysetup-temp-allocator-size-main=16777216"
    "memorysetup-job-temp-allocator-block-size=2097152"
    "memorysetup-job-temp-allocator-block-size-background=1048576"
    "memorysetup-job-temp-allocator-reduction-small-platforms=262144"
    "memorysetup-temp-allocator-size-background-worker=32768"
    "memorysetup-temp-allocator-size-job-worker=262144"
    "memorysetup-temp-allocator-size-preload-manager=33554432"
    "memorysetup-temp-allocator-size-nav-mesh-worker=65536"
    "memorysetup-temp-allocator-size-audio-worker=65536"
    "memorysetup-temp-allocator-size-cloud-worker=32768"
    "memorysetup-temp-allocator-size-gi-baking-worker=262144"
    "memorysetup-temp-allocator-size-gfx=262144"
Player connection [12556] Host "[IP] 192.168.0.106 [Port] 0 [Flags] 2 [Guid] 3581226233 [EditorId] 3581226233 [Version] 1048832 [Id] WindowsEditor(7,DESKTOP-FFPKB5C) [Debug] 1 [PackageName] WindowsEditor [ProjectName] Editor" joined multi-casting on [225.0.0.222:54997]...

Player connection [12556] Host "[IP] 192.168.0.106 [Port] 0 [Flags] 2 [Guid] 3581226233 [EditorId] 3581226233 [Version] 1048832 [Id] WindowsEditor(7,DESKTOP-FFPKB5C) [Debug] 1 [PackageName] WindowsEditor [ProjectName] Editor" joined alternative multi-casting on [225.0.0.222:34997]...

Refreshing native plugins compatible for Editor in 36.17 ms, found 5 plugins.
Preloading 0 native plugins for Editor in 0.00 ms.
Initialize engine version: 2021.3.15f1 (e8e88683f834)
[Subsystems] Discovering subsystems at path C:/Program Files/Unity/Hub/Editor/2021.3.15f1/Editor/Data/Resources/UnitySubsystems
[Subsystems] Discovering subsystems at path F:/Mansion/Assets
GfxDevice: creating device client; threaded=0; jobified=0
Direct3D:
    Version:  Direct3D 11.0 [level 11.1]
    Renderer: NVIDIA GeForce RTX 2080 Super with Max-Q Design (ID=0x1e93)
    Vendor:   NVIDIA
    VRAM:     8001 MB
    Driver:   31.0.15.2890
Initialize mono
Mono path[0] = 'C:/Program Files/Unity/Hub/Editor/2021.3.15f1/Editor/Data/Managed'
Mono path[1] = 'C:/Program Files/Unity/Hub/Editor/2021.3.15f1/Editor/Data/MonoBleedingEdge/lib/mono/unityjit-win32'
Mono config path = 'C:/Program Files/Unity/Hub/Editor/2021.3.15f1/Editor/Data/MonoBleedingEdge/etc'
Using monoOptions --debugger-agent=transport=dt_socket,embedding=1,server=y,suspend=n,address=127.0.0.1:56600
Begin MonoManager ReloadAssembly
Registering precompiled unity dll's ...
Register platform support module: C:/Program Files/Unity/Hub/Editor/2021.3.15f1/Editor/Data/PlaybackEngines/WindowsStandaloneSupport/UnityEditor.WindowsStandalone.Extensions.dll
Registered in 0.005851 seconds.
Native extension for WindowsStandalone target not found
Refreshing native plugins compatible for Editor in 33.65 ms, found 5 plugins.
Preloading 0 native plugins for Editor in 0.00 ms.
Mono: successfully reloaded assembly
- Completed reload, in  0.524 seconds
Domain Reload Profiling:
	ReloadAssembly (524ms)
		BeginReloadAssembly (64ms)
			ExecutionOrderSort (0ms)
			DisableScriptedObjects (0ms)
			BackupInstance (0ms)
			ReleaseScriptingObjects (0ms)
			CreateAndSetChildDomain (1ms)
		EndReloadAssembly (356ms)
			LoadAssemblies (62ms)
			RebuildTransferFunctionScriptingTraits (0ms)
			SetupTypeCache (96ms)
			ReleaseScriptCaches (0ms)
			RebuildScriptCaches (23ms)
			SetupLoadedEditorAssemblies (188ms)
				LogAssemblyErrors (0ms)
				InitializePlatformSupportModulesInManaged (7ms)
				SetLoadedEditorAssemblies (0ms)
				RefreshPlugins (34ms)
				BeforeProcessingInitializeOnLoad (1ms)
				ProcessInitializeOnLoadAttributes (108ms)
				ProcessInitializeOnLoadMethodAttributes (38ms)
				AfterProcessingInitializeOnLoad (0ms)
				EditorAssembliesLoaded (0ms)
			ExecutionOrderSort2 (0ms)
			AwakeInstancesAfterBackupRestoration (0ms)
Platform modules already initialized, skipping
Registering precompiled user dll's ...
Registered in 0.002341 seconds.
Begin MonoManager ReloadAssembly
Native extension for WindowsStandalone target not found
Refreshing native plugins compatible for Editor in 0.46 ms, found 5 plugins.
Preloading 0 native plugins for Editor in 0.00 ms.
Package Manager log level set to [2]
Mono: successfully reloaded assembly
- Completed reload, in  0.817 seconds
Domain Reload Profiling:
	ReloadAssembly (818ms)
		BeginReloadAssembly (103ms)
			ExecutionOrderSort (0ms)
			DisableScriptedObjects (5ms)
			BackupInstance (0ms)
			ReleaseScriptingObjects (0ms)
			CreateAndSetChildDomain (19ms)
		EndReloadAssembly (602ms)
			LoadAssemblies (68ms)
			RebuildTransferFunctionScriptingTraits (0ms)
			SetupTypeCache (183ms)
			ReleaseScriptCaches (0ms)
			RebuildScriptCaches (41ms)
			SetupLoadedEditorAssemblies (273ms)
				LogAssemblyErrors (0ms)
				InitializePlatformSupportModulesInManaged (5ms)
				SetLoadedEditorAssemblies (0ms)
				RefreshPlugins (0ms)
				BeforeProcessingInitializeOnLoad (49ms)
				ProcessInitializeOnLoadAttributes (187ms)
				ProcessInitializeOnLoadMethodAttributes (24ms)
				AfterProcessingInitializeOnLoad (7ms)
				EditorAssembliesLoaded (0ms)
			ExecutionOrderSort2 (0ms)
			AwakeInstancesAfterBackupRestoration (5ms)
Platform modules already initialized, skipping
========================================================================
Worker process is ready to serve import requests
Launched and connected shader compiler UnityShaderCompiler.exe after 0.06 seconds
Refreshing native plugins compatible for Editor in 0.50 ms, found 5 plugins.
Preloading 0 native plugins for Editor in 0.00 ms.
Unloading 2067 Unused Serialized files (Serialized files now loaded: 0)
Unloading 28 unused Assets / (337.6 KB). Loaded Objects now: 2557.
Memory consumption went from 97.6 MB to 97.3 MB.
Total: 2.438300 ms (FindLiveObjects: 0.160300 ms CreateObjectMapping: 0.088300 ms MarkObjects: 1.978500 ms  DeleteObjects: 0.210500 ms)

AssetImportParameters requested are different than current active one (requested -> active):
  custom:video-decoder-ogg-theora: a1e56fd34408186e4bbccfd4996cb3dc -> 
  custom:container-muxer-webm: aa71ff27fc2769a1b78a27578f13a17b -> 
  custom:container-demuxer-webm: 4f35f7cbe854078d1ac9338744f61a02 -> 
  custom:video-encoder-webm-vp8: eb34c28f22e8b96e1ab97ce403110664 -> 
  custom:audio-encoder-webm-vorbis: bf7c407c2cedff20999df2af8eb42d56 -> 
  custom:framework-win-MediaFoundation: 216162199b28c13a410421893ffa2e32 -> 
  custom:container-demuxer-ogg: 62fdf1f143b41e24485cea50d1cbac27 -> 
  custom:video-decoder-webm-vp8: 9c59270c3fd7afecdb556c50c9e8de78 -> 
  custom:audio-decoder-ogg-vorbis: bf7c407c2cedff20999df2af8eb42d56 -> 
========================================================================
Received Import Request.
  Time since last request: 666534.602008 seconds.
  path: Assets/Engine/Models/Building/Textures/map 1.png
  artifactKey: Guid(3b89bec0c085417448097f045ace38c4) Importer(815301076,1909f56bfc062723c751e8b465ee728b)
Start importing Assets/Engine/Models/Building/Textures/map 1.png using Guid(3b89bec0c085417448097f045ace38c4) Importer(815301076,1909f56bfc062723c751e8b465ee728b)  -> (artifact id: 'e0d385c93a569f33e3dd1ca9d8108bda') in 0.061838 seconds 
========================================================================
Received Import Request.
  Time since last request: 4.714928 seconds.
  path: Assets/Engine/Models/Building/Textures/map 2.png
  artifactKey: Guid(d7018228688b64c4684d8e30a4f5ef1b) Importer(815301076,1909f56bfc062723c751e8b465ee728b)
Start importing Assets/Engine/Models/Building/Textures/map 2.png using Guid(d7018228688b64c4684d8e30a4f5ef1b) Importer(815301076,1909f56bfc062723c751e8b465ee728b)  -> (artifact id: 'fa7de6fe9bb6a3456dd10a8359c4be95') in 0.018982 seconds 
========================================================================
Received Import Request.
  Time since last request: 9.154625 seconds.
  path: Assets/Engine/Models/Building/Textures/map 3.png
  artifactKey: Guid(41b5e2e3c0b8c1e4c930931b67594e35) Importer(815301076,1909f56bfc062723c751e8b465ee728b)
Start importing Assets/Engine/Models/Building/Textures/map 3.png using Guid(41b5e2e3c0b8c1e4c930931b67594e35) Importer(815301076,1909f56bfc062723c751e8b465ee728b)  -> (artifact id: '35a4eb3e3ec05479f4d2da039f638d94') in 0.020732 seconds 
========================================================================
Received Import Request.
  Time since last request: 20.759670 seconds.
  path: Assets/Engine/Models/Building/Textures/map 4.png
  artifactKey: Guid(ee875605c031f7d42aa4f940251bae7c) Importer(815301076,1909f56bfc062723c751e8b465ee728b)
Start importing Assets/Engine/Models/Building/Textures/map 4.png using Guid(ee875605c031f7d42aa4f940251bae7c) Importer(815301076,1909f56bfc062723c751e8b465ee728b)  -> (artifact id: 'ef13d1edb9a56fe5e6cafcf3fc1a4605') in 0.016317 seconds 
========================================================================
Received Import Request.
  Time since last request: 7.417464 seconds.
  path: Assets/Engine/Models/Building/Textures/map 5.png
  artifactKey: Guid(6d5a391418f1eb747b4b5045aba9af65) Importer(815301076,1909f56bfc062723c751e8b465ee728b)
Start importing Assets/Engine/Models/Building/Textures/map 5.png using Guid(6d5a391418f1eb747b4b5045aba9af65) Importer(815301076,1909f56bfc062723c751e8b465ee728b)  -> (artifact id: 'caee4f81024b5a30f34abb77dc371d2a') in 0.017293 seconds 
========================================================================
Received Import Request.
  Time since last request: 6.584487 seconds.
  path: Assets/Engine/Models/Building/Textures/map 6.png
  artifactKey: Guid(2af5d2c66b4629644b26c89df77b7ee8) Importer(815301076,1909f56bfc062723c751e8b465ee728b)
Start importing Assets/Engine/Models/Building/Textures/map 6.png using Guid(2af5d2c66b4629644b26c89df77b7ee8) Importer(815301076,1909f56bfc062723c751e8b465ee728b)  -> (artifact id: 'a07245c3aab7d0286aa8303cacca374c') in 0.028260 seconds 
========================================================================
Received Import Request.
  Time since last request: 147.444509 seconds.
  path: Assets/Engine/Models/Building/Textures/map 7.png
  artifactKey: Guid(8f7bbe37f462dc840ae9b7c3e0c13ecb) Importer(815301076,1909f56bfc062723c751e8b465ee728b)
Start importing Assets/Engine/Models/Building/Textures/map 7.png using Guid(8f7bbe37f462dc840ae9b7c3e0c13ecb) Importer(815301076,1909f56bfc062723c751e8b465ee728b)  -> (artifact id: '98ea8bccdd6da4cb7460183d44dd2dd7') in 0.013807 seconds 
========================================================================
Received Import Request.
  Time since last request: 114.210046 seconds.
  path: Assets/Engine/Models/Building/Materials/map 7.mat
  artifactKey: Guid(5f00895e170b9a44597776796151345e) Importer(815301076,1909f56bfc062723c751e8b465ee728b)
Start importing Assets/Engine/Models/Building/Materials/map 7.mat using Guid(5f00895e170b9a44597776796151345e) Importer(815301076,1909f56bfc062723c751e8b465ee728b)  -> (artifact id: '4288edcd5ad49c15937579e0fc6f7c1c') in 0.066269 seconds 
========================================================================
Received Import Request.
  Time since last request: 36.955975 seconds.
  path: Assets/Engine/Models/Building/3mansion.fbx
  artifactKey: Guid(7415145fa23d8c447b905be05f879522) Importer(815301076,1909f56bfc062723c751e8b465ee728b)
Start importing Assets/Engine/Models/Building/3mansion.fbx using Guid(7415145fa23d8c447b905be05f879522) Importer(815301076,1909f56bfc062723c751e8b465ee728b)  -> (artifact id: 'e4a68b8f70ab586e3eca7505d96bba53') in 0.984911 seconds 
========================================================================
Received Import Request.
  Time since last request: 3.622378 seconds.
  path: Assets/Engine/Models/Building/1mansion.fbx
  artifactKey: Guid(89d00f9b30a302742aa348037e23e634) Importer(815301076,1909f56bfc062723c751e8b465ee728b)
Start importing Assets/Engine/Models/Building/1mansion.fbx using Guid(89d00f9b30a302742aa348037e23e634) Importer(815301076,1909f56bfc062723c751e8b465ee728b)  -> (artifact id: 'beac3ac4ed18732d2e90065e38e7d47a') in 0.741231 seconds 
========================================================================
Received Import Request.
  Time since last request: 144.072205 seconds.
  path: Assets/Engine/Models/Building/Textures/Texture_map_6.png
  artifactKey: Guid(8eb8276798a5c3a4c8de1bc2adcb6c7c) Importer(815301076,1909f56bfc062723c751e8b465ee728b)
Start importing Assets/Engine/Models/Building/Textures/Texture_map_6.png using Guid(8eb8276798a5c3a4c8de1bc2adcb6c7c) Importer(815301076,1909f56bfc062723c751e8b465ee728b)  -> (artifact id: 'dd41aa8b56e250ce77fccb1fcb9e9e9a') in 0.017768 seconds 
========================================================================
Received Import Request.
  Time since last request: 321.480743 seconds.
  path: Assets/Engine/Models/Building/5mansion.fbx
  artifactKey: Guid(89d00f9b30a302742aa348037e23e634) Importer(815301076,1909f56bfc062723c751e8b465ee728b)
Start importing Assets/Engine/Models/Building/5mansion.fbx using Guid(89d00f9b30a302742aa348037e23e634) Importer(815301076,1909f56bfc062723c751e8b465ee728b)  -> (artifact id: '992b4a0f64750263e4450ed83b9f46f7') in 0.705522 seconds 
========================================================================
Received Import Request.
  Time since last request: 16.116007 seconds.
  path: Assets/Engine/Models/Building/1mansion.fbx
  artifactKey: Guid(86b74c8c916453542aa90eb6b4a17338) Importer(815301076,1909f56bfc062723c751e8b465ee728b)
Start importing Assets/Engine/Models/Building/1mansion.fbx using Guid(86b74c8c916453542aa90eb6b4a17338) Importer(815301076,1909f56bfc062723c751e8b465ee728b)  -> (artifact id: '73143fb9a0949457a8b2bf079459d4b7') in 0.823600 seconds 
========================================================================
Received Import Request.
  Time since last request: 12.151966 seconds.
  path: Assets/Engine/Models/Building/Materials/map 2.mat
  artifactKey: Guid(5b77f4e549d3d15479f69393093a3fe8) Importer(815301076,1909f56bfc062723c751e8b465ee728b)
Start importing Assets/Engine/Models/Building/Materials/map 2.mat using Guid(5b77f4e549d3d15479f69393093a3fe8) Importer(815301076,1909f56bfc062723c751e8b465ee728b)  -> (artifact id: 'd4e7e92fe6dca7cdd483599b05b0bf31') in 0.017101 seconds 
========================================================================
Received Import Request.
  Time since last request: 0.000015 seconds.
  path: Assets/Engine/Models/Building/Materials/Texture_map_6.mat
  artifactKey: Guid(94f85d588e293274fb8e28a29fdf1c23) Importer(815301076,1909f56bfc062723c751e8b465ee728b)
Start importing Assets/Engine/Models/Building/Materials/Texture_map_6.mat using Guid(94f85d588e293274fb8e28a29fdf1c23) Importer(815301076,1909f56bfc062723c751e8b465ee728b)  -> (artifact id: 'd6d8d4556c2ae4f35e85ef36a4e0d3c1') in 0.022825 seconds 
========================================================================
Received Import Request.
  Time since last request: 0.000020 seconds.
  path: Assets/Engine/Models/Building/Materials/map 5.mat
  artifactKey: Guid(00261729990b4e84f939a0102f4e59ba) Importer(815301076,1909f56bfc062723c751e8b465ee728b)
Start importing Assets/Engine/Models/Building/Materials/map 5.mat using Guid(00261729990b4e84f939a0102f4e59ba) Importer(815301076,1909f56bfc062723c751e8b465ee728b)  -> (artifact id: '157c9f9b7612a2a7c4d48210778945ec') in 0.020629 seconds 
========================================================================
Received Import Request.
  Time since last request: 210.093861 seconds.
  path: Assets/Engine/Models/Building/Materials/map 6.mat
  artifactKey: Guid(020f97ab060812c438d2038e94c50de6) Importer(815301076,1909f56bfc062723c751e8b465ee728b)
Start importing Assets/Engine/Models/Building/Materials/map 6.mat using Guid(020f97ab060812c438d2038e94c50de6) Importer(815301076,1909f56bfc062723c751e8b465ee728b)  -> (artifact id: '65104b24d9e46a7f1bb2b4b79ce15985') in 0.020024 seconds 
========================================================================
Received Import Request.
  Time since last request: 0.009011 seconds.
  path: Assets/Engine/Models/Building/Materials/map 9.mat
  artifactKey: Guid(114a62c1cb953664187e0f341d31d837) Importer(815301076,1909f56bfc062723c751e8b465ee728b)
Start importing Assets/Engine/Models/Building/Materials/map 9.mat using Guid(114a62c1cb953664187e0f341d31d837) Importer(815301076,1909f56bfc062723c751e8b465ee728b)  -> (artifact id: 'c8ea4f53db1056ca209604be23a9fa35') in 0.020515 seconds 
========================================================================
Received Import Request.
  Time since last request: 0.000033 seconds.
  path: Assets/Engine/Models/Building/Materials/map 22.mat
  artifactKey: Guid(aa7c39610a1904e4f9d84cda07ca3166) Importer(815301076,1909f56bfc062723c751e8b465ee728b)
Start importing Assets/Engine/Models/Building/Materials/map 22.mat using Guid(aa7c39610a1904e4f9d84cda07ca3166) Importer(815301076,1909f56bfc062723c751e8b465ee728b)  -> (artifact id: '2f93391af7e37d6e37bb06db9fa1f430') in 0.023541 seconds 
========================================================================
Received Import Request.
  Time since last request: 0.000018 seconds.
  path: Assets/Engine/Models/Building/Materials/map 21.mat
  artifactKey: Guid(7dcd61cf54820d04eb6e016d00f0dfd3) Importer(815301076,1909f56bfc062723c751e8b465ee728b)
Start importing Assets/Engine/Models/Building/Materials/map 21.mat using Guid(7dcd61cf54820d04eb6e016d00f0dfd3) Importer(815301076,1909f56bfc062723c751e8b465ee728b)  -> (artifact id: '5259008626103617f1001cae6220b479') in 0.027817 seconds 
========================================================================
Received Import Request.
  Time since last request: 0.000065 seconds.
  path: Assets/Engine/Models/Building/Materials/map 18.mat
  artifactKey: Guid(213b3d5f3a7db71428f128f6ceb724cf) Importer(815301076,1909f56bfc062723c751e8b465ee728b)
Start importing Assets/Engine/Models/Building/Materials/map 18.mat using Guid(213b3d5f3a7db71428f128f6ceb724cf) Importer(815301076,1909f56bfc062723c751e8b465ee728b)  -> (artifact id: 'ef30b8a20e2edc2c392a4537ec8305bf') in 0.024947 seconds 
========================================================================
Received Import Request.
  Time since last request: 0.000036 seconds.
  path: Assets/Engine/Models/Building/Materials/map 19.mat
  artifactKey: Guid(270fc83dea80d074e9ac76f4bc063d72) Importer(815301076,1909f56bfc062723c751e8b465ee728b)
Start importing Assets/Engine/Models/Building/Materials/map 19.mat using Guid(270fc83dea80d074e9ac76f4bc063d72) Importer(815301076,1909f56bfc062723c751e8b465ee728b)  -> (artifact id: '8f3029b1f7a4c14d8e46149ba70e960b') in 0.024278 seconds 
========================================================================
Received Import Request.
  Time since last request: 0.000016 seconds.
  path: Assets/Engine/Models/Building/Materials/map 23.mat
  artifactKey: Guid(2bdfcfd94a371dc4d9baea3c7b98cde0) Importer(815301076,1909f56bfc062723c751e8b465ee728b)
Start importing Assets/Engine/Models/Building/Materials/map 23.mat using Guid(2bdfcfd94a371dc4d9baea3c7b98cde0) Importer(815301076,1909f56bfc062723c751e8b465ee728b)  -> (artifact id: '1f26adef60a2a486ba3b738d5f434889') in 0.028427 seconds 
========================================================================
Received Import Request.
  Time since last request: 0.000058 seconds.
  path: Assets/Engine/Models/Building/Materials/map 20.mat
  artifactKey: Guid(d5d82fd04a98bcb4788a79ba10c81ff8) Importer(815301076,1909f56bfc062723c751e8b465ee728b)
Start importing Assets/Engine/Models/Building/Materials/map 20.mat using Guid(d5d82fd04a98bcb4788a79ba10c81ff8) Importer(815301076,1909f56bfc062723c751e8b465ee728b)  -> (artifact id: '4f39dee57404c6765552d31303a18fa1') in 0.026078 seconds 
Editor requested this worker to shutdown with reason: Scaling down because of idle timeout
AssetImportWorker is now disconnected from the server
Process exiting
Exiting without the bug reporter. Application will terminate with return code 0