Using pre-set license
Built from '2021.3/staging' branch; Version is '2021.3.15f1 (e8e88683f834) revision 15263878'; Using compiler version '192829333'; Build Type 'Release'
OS: 'Windows 10  (10.0.19045) 64bit Professional' Language: 'ru' Physical Memory: 32486 MB
BatchMode: 1, IsHumanControllingUs: 0, StartBugReporterOnCrash: 0, Is64bit: 1, IsPro: 1

COMMAND LINE ARGUMENTS:
C:\Program Files\Unity\Hub\Editor\2021.3.15f1\Editor\Unity.exe
-adb2
-batchMode
-noUpm
-name
AssetImportWorker3
-projectPath
F:/Mansion
-logFile
Logs/AssetImportWorker3.log
-srvPort
55867
Successfully changed project path to: F:/Mansion
F:/Mansion
[UnityMemory] Configuration Parameters - Can be set up in boot.config
    "memorysetup-bucket-allocator-granularity=16"
    "memorysetup-bucket-allocator-bucket-count=8"
    "memorysetup-bucket-allocator-block-size=33554432"
    "memorysetup-bucket-allocator-block-count=8"
    "memorysetup-main-allocator-block-size=16777216"
    "memorysetup-thread-allocator-block-size=16777216"
    "memorysetup-gfx-main-allocator-block-size=16777216"
    "memorysetup-gfx-thread-allocator-block-size=16777216"
    "memorysetup-cache-allocator-block-size=4194304"
    "memorysetup-typetree-allocator-block-size=2097152"
    "memorysetup-profiler-bucket-allocator-granularity=16"
    "memorysetup-profiler-bucket-allocator-bucket-count=8"
    "memorysetup-profiler-bucket-allocator-block-size=33554432"
    "memorysetup-profiler-bucket-allocator-block-count=8"
    "memorysetup-profiler-allocator-block-size=16777216"
    "memorysetup-profiler-editor-allocator-block-size=1048576"
    "memorysetup-temp-allocator-size-main=16777216"
    "memorysetup-job-temp-allocator-block-size=2097152"
    "memorysetup-job-temp-allocator-block-size-background=1048576"
    "memorysetup-job-temp-allocator-reduction-small-platforms=262144"
    "memorysetup-temp-allocator-size-background-worker=32768"
    "memorysetup-temp-allocator-size-job-worker=262144"
    "memorysetup-temp-allocator-size-preload-manager=33554432"
    "memorysetup-temp-allocator-size-nav-mesh-worker=65536"
    "memorysetup-temp-allocator-size-audio-worker=65536"
    "memorysetup-temp-allocator-size-cloud-worker=32768"
    "memorysetup-temp-allocator-size-gi-baking-worker=262144"
    "memorysetup-temp-allocator-size-gfx=262144"
Player connection [24908] Host "[IP] 192.168.0.106 [Port] 0 [Flags] 2 [Guid] 4246914798 [EditorId] 4246914798 [Version] 1048832 [Id] WindowsEditor(7,DESKTOP-FFPKB5C) [Debug] 1 [PackageName] WindowsEditor [ProjectName] Editor" joined multi-casting on [225.0.0.222:54997]...

Player connection [24908] Host "[IP] 192.168.0.106 [Port] 0 [Flags] 2 [Guid] 4246914798 [EditorId] 4246914798 [Version] 1048832 [Id] WindowsEditor(7,DESKTOP-FFPKB5C) [Debug] 1 [PackageName] WindowsEditor [ProjectName] Editor" joined alternative multi-casting on [225.0.0.222:34997]...

Refreshing native plugins compatible for Editor in 43.63 ms, found 5 plugins.
Preloading 0 native plugins for Editor in 0.00 ms.
Initialize engine version: 2021.3.15f1 (e8e88683f834)
[Subsystems] Discovering subsystems at path C:/Program Files/Unity/Hub/Editor/2021.3.15f1/Editor/Data/Resources/UnitySubsystems
[Subsystems] Discovering subsystems at path F:/Mansion/Assets
GfxDevice: creating device client; threaded=0; jobified=0
Direct3D:
    Version:  Direct3D 11.0 [level 11.1]
    Renderer: NVIDIA GeForce RTX 2080 Super with Max-Q Design (ID=0x1e93)
    Vendor:   NVIDIA
    VRAM:     8001 MB
    Driver:   31.0.15.2890
Initialize mono
Mono path[0] = 'C:/Program Files/Unity/Hub/Editor/2021.3.15f1/Editor/Data/Managed'
Mono path[1] = 'C:/Program Files/Unity/Hub/Editor/2021.3.15f1/Editor/Data/MonoBleedingEdge/lib/mono/unityjit-win32'
Mono config path = 'C:/Program Files/Unity/Hub/Editor/2021.3.15f1/Editor/Data/MonoBleedingEdge/etc'
Using monoOptions --debugger-agent=transport=dt_socket,embedding=1,server=y,suspend=n,address=127.0.0.1:56156
Begin MonoManager ReloadAssembly
Registering precompiled unity dll's ...
Register platform support module: C:/Program Files/Unity/Hub/Editor/2021.3.15f1/Editor/Data/PlaybackEngines/WindowsStandaloneSupport/UnityEditor.WindowsStandalone.Extensions.dll
Registered in 0.008566 seconds.
Native extension for WindowsStandalone target not found
Refreshing native plugins compatible for Editor in 38.60 ms, found 5 plugins.
Preloading 0 native plugins for Editor in 0.00 ms.
Mono: successfully reloaded assembly
- Completed reload, in  0.596 seconds
Domain Reload Profiling:
	ReloadAssembly (596ms)
		BeginReloadAssembly (72ms)
			ExecutionOrderSort (0ms)
			DisableScriptedObjects (0ms)
			BackupInstance (0ms)
			ReleaseScriptingObjects (0ms)
			CreateAndSetChildDomain (1ms)
		EndReloadAssembly (405ms)
			LoadAssemblies (70ms)
			RebuildTransferFunctionScriptingTraits (0ms)
			SetupTypeCache (106ms)
			ReleaseScriptCaches (0ms)
			RebuildScriptCaches (35ms)
			SetupLoadedEditorAssemblies (217ms)
				LogAssemblyErrors (0ms)
				InitializePlatformSupportModulesInManaged (8ms)
				SetLoadedEditorAssemblies (0ms)
				RefreshPlugins (39ms)
				BeforeProcessingInitializeOnLoad (1ms)
				ProcessInitializeOnLoadAttributes (129ms)
				ProcessInitializeOnLoadMethodAttributes (40ms)
				AfterProcessingInitializeOnLoad (0ms)
				EditorAssembliesLoaded (0ms)
			ExecutionOrderSort2 (0ms)
			AwakeInstancesAfterBackupRestoration (0ms)
Platform modules already initialized, skipping
Registering precompiled user dll's ...
Registered in 0.002290 seconds.
Begin MonoManager ReloadAssembly
Native extension for WindowsStandalone target not found
Refreshing native plugins compatible for Editor in 0.51 ms, found 5 plugins.
Preloading 0 native plugins for Editor in 0.00 ms.
Package Manager log level set to [2]
Mono: successfully reloaded assembly
- Completed reload, in  0.868 seconds
Domain Reload Profiling:
	ReloadAssembly (868ms)
		BeginReloadAssembly (108ms)
			ExecutionOrderSort (0ms)
			DisableScriptedObjects (6ms)
			BackupInstance (0ms)
			ReleaseScriptingObjects (0ms)
			CreateAndSetChildDomain (18ms)
		EndReloadAssembly (655ms)
			LoadAssemblies (68ms)
			RebuildTransferFunctionScriptingTraits (0ms)
			SetupTypeCache (203ms)
			ReleaseScriptCaches (0ms)
			RebuildScriptCaches (49ms)
			SetupLoadedEditorAssemblies (302ms)
				LogAssemblyErrors (0ms)
				InitializePlatformSupportModulesInManaged (5ms)
				SetLoadedEditorAssemblies (0ms)
				RefreshPlugins (1ms)
				BeforeProcessingInitializeOnLoad (57ms)
				ProcessInitializeOnLoadAttributes (204ms)
				ProcessInitializeOnLoadMethodAttributes (25ms)
				AfterProcessingInitializeOnLoad (10ms)
				EditorAssembliesLoaded (0ms)
			ExecutionOrderSort2 (0ms)
			AwakeInstancesAfterBackupRestoration (5ms)
Platform modules already initialized, skipping
========================================================================
Worker process is ready to serve import requests
Launched and connected shader compiler UnityShaderCompiler.exe after 0.04 seconds
Refreshing native plugins compatible for Editor in 0.96 ms, found 5 plugins.
Preloading 0 native plugins for Editor in 0.00 ms.
Unloading 2067 Unused Serialized files (Serialized files now loaded: 0)
Unloading 28 unused Assets / (337.1 KB). Loaded Objects now: 2567.
Memory consumption went from 103.4 MB to 103.1 MB.
Total: 4.299500 ms (FindLiveObjects: 0.323100 ms CreateObjectMapping: 0.200500 ms MarkObjects: 3.489800 ms  DeleteObjects: 0.282700 ms)

AssetImportParameters requested are different than current active one (requested -> active):
  custom:video-decoder-ogg-theora: a1e56fd34408186e4bbccfd4996cb3dc -> 
  custom:container-muxer-webm: aa71ff27fc2769a1b78a27578f13a17b -> 
  custom:container-demuxer-webm: 4f35f7cbe854078d1ac9338744f61a02 -> 
  custom:video-encoder-webm-vp8: eb34c28f22e8b96e1ab97ce403110664 -> 
  custom:audio-encoder-webm-vorbis: bf7c407c2cedff20999df2af8eb42d56 -> 
  custom:framework-win-MediaFoundation: 216162199b28c13a410421893ffa2e32 -> 
  custom:container-demuxer-ogg: 62fdf1f143b41e24485cea50d1cbac27 -> 
  custom:video-decoder-webm-vp8: 9c59270c3fd7afecdb556c50c9e8de78 -> 
  custom:audio-decoder-ogg-vorbis: bf7c407c2cedff20999df2af8eb42d56 -> 
========================================================================
Received Import Request.
  Time since last request: 1092125.431015 seconds.
  path: Assets/Engine/Models/Building/Materials/map 14.mat
  artifactKey: Guid(d0e0d661e4efb9240a9cf8afe6f0458f) Importer(815301076,1909f56bfc062723c751e8b465ee728b)
Start importing Assets/Engine/Models/Building/Materials/map 14.mat using Guid(d0e0d661e4efb9240a9cf8afe6f0458f) Importer(815301076,1909f56bfc062723c751e8b465ee728b)  -> (artifact id: '35f1021501fe6aca82334a0558f0ee07') in 0.117417 seconds 
========================================================================
Received Import Request.
  Time since last request: 0.000032 seconds.
  path: Assets/Engine/Models/Building/Materials/map 7.mat
  artifactKey: Guid(5f00895e170b9a44597776796151345e) Importer(815301076,1909f56bfc062723c751e8b465ee728b)
Start importing Assets/Engine/Models/Building/Materials/map 7.mat using Guid(5f00895e170b9a44597776796151345e) Importer(815301076,1909f56bfc062723c751e8b465ee728b)  -> (artifact id: '18bd5e52dec2a33a25b0bf86df539d2c') in 0.025390 seconds 
========================================================================
Received Import Request.
  Time since last request: 0.000019 seconds.
  path: Assets/Engine/Models/Building/Materials/map 8.mat
  artifactKey: Guid(cf6be8fe9f7a6c140a61c202a9cd6642) Importer(815301076,1909f56bfc062723c751e8b465ee728b)
Start importing Assets/Engine/Models/Building/Materials/map 8.mat using Guid(cf6be8fe9f7a6c140a61c202a9cd6642) Importer(815301076,1909f56bfc062723c751e8b465ee728b)  -> (artifact id: '1b0cfd986122adc943fbb583575135be') in 0.037968 seconds 
========================================================================
Received Import Request.
  Time since last request: 0.000023 seconds.
  path: Assets/Engine/Models/Building/Materials/map 26.mat
  artifactKey: Guid(b0c5318eed29ab341a81b62919fda187) Importer(815301076,1909f56bfc062723c751e8b465ee728b)
Start importing Assets/Engine/Models/Building/Materials/map 26.mat using Guid(b0c5318eed29ab341a81b62919fda187) Importer(815301076,1909f56bfc062723c751e8b465ee728b)  -> (artifact id: 'b07879bf46901b5cdee3ea14bee4c6dc') in 0.021100 seconds 
========================================================================
Received Import Request.
  Time since last request: 0.000021 seconds.
  path: Assets/Engine/Models/Building/Materials/map 9.mat
  artifactKey: Guid(114a62c1cb953664187e0f341d31d837) Importer(815301076,1909f56bfc062723c751e8b465ee728b)
Start importing Assets/Engine/Models/Building/Materials/map 9.mat using Guid(114a62c1cb953664187e0f341d31d837) Importer(815301076,1909f56bfc062723c751e8b465ee728b)  -> (artifact id: 'c8ea4f53db1056ca209604be23a9fa35') in 0.032589 seconds 
========================================================================
Received Import Request.
  Time since last request: 0.000116 seconds.
  path: Assets/Engine/Models/Building/Materials/map 23.mat
  artifactKey: Guid(2bdfcfd94a371dc4d9baea3c7b98cde0) Importer(815301076,1909f56bfc062723c751e8b465ee728b)
Start importing Assets/Engine/Models/Building/Materials/map 23.mat using Guid(2bdfcfd94a371dc4d9baea3c7b98cde0) Importer(815301076,1909f56bfc062723c751e8b465ee728b)  -> (artifact id: '1f26adef60a2a486ba3b738d5f434889') in 0.053512 seconds 
========================================================================
Received Import Request.
  Time since last request: 0.000020 seconds.
  path: Assets/Engine/Models/Building/Materials/map.mat
  artifactKey: Guid(2546a55ac7632c94bab293d8eb222c7e) Importer(815301076,1909f56bfc062723c751e8b465ee728b)
Start importing Assets/Engine/Models/Building/Materials/map.mat using Guid(2546a55ac7632c94bab293d8eb222c7e) Importer(815301076,1909f56bfc062723c751e8b465ee728b)  -> (artifact id: '2171b672af5c79c73571445dd099caf9') in 0.013583 seconds 
========================================================================
Received Import Request.
  Time since last request: 0.000018 seconds.
  path: Assets/Engine/Models/Building/Materials/map 31.mat
  artifactKey: Guid(a497e98fb838ddb42826e055bc79c4b3) Importer(815301076,1909f56bfc062723c751e8b465ee728b)
Start importing Assets/Engine/Models/Building/Materials/map 31.mat using Guid(a497e98fb838ddb42826e055bc79c4b3) Importer(815301076,1909f56bfc062723c751e8b465ee728b)  -> (artifact id: '42b714733e564b7a70f2739abaaaf5db') in 0.015411 seconds 
========================================================================
Received Import Request.
  Time since last request: 0.000022 seconds.
  path: Assets/Engine/Models/Building/Materials/map 6.mat
  artifactKey: Guid(020f97ab060812c438d2038e94c50de6) Importer(815301076,1909f56bfc062723c751e8b465ee728b)
Start importing Assets/Engine/Models/Building/Materials/map 6.mat using Guid(020f97ab060812c438d2038e94c50de6) Importer(815301076,1909f56bfc062723c751e8b465ee728b)  -> (artifact id: '65104b24d9e46a7f1bb2b4b79ce15985') in 0.016897 seconds 
========================================================================
Received Import Request.
  Time since last request: 0.000043 seconds.
  path: Assets/Engine/Models/Building/Materials/map 30.mat
  artifactKey: Guid(31ddf4431d5746b479e3d07a3271e5e6) Importer(815301076,1909f56bfc062723c751e8b465ee728b)
Start importing Assets/Engine/Models/Building/Materials/map 30.mat using Guid(31ddf4431d5746b479e3d07a3271e5e6) Importer(815301076,1909f56bfc062723c751e8b465ee728b)  -> (artifact id: '4d01b1a37c2e35011be97466661dc70b') in 0.045838 seconds 
========================================================================
Received Import Request.
  Time since last request: 0.000016 seconds.
  path: Assets/Engine/Models/Building/Materials/map 16.mat
  artifactKey: Guid(e1ebcc2fbfe05e7458cf6edae27af405) Importer(815301076,1909f56bfc062723c751e8b465ee728b)
Start importing Assets/Engine/Models/Building/Materials/map 16.mat using Guid(e1ebcc2fbfe05e7458cf6edae27af405) Importer(815301076,1909f56bfc062723c751e8b465ee728b)  -> (artifact id: '347eccf0c29e54fa4fc41ad341c47da4') in 0.024437 seconds 
========================================================================
Received Import Request.
  Time since last request: 88.794702 seconds.
  path: Assets/Engine/Models/Building/Textures/1668355318_idei-club-p-belii-mramor-tekstura-besshovnaya-dizain-i-7.jpg
  artifactKey: Guid(b965a0b8e3f6c554f94a7c8c2bae368c) Importer(815301076,1909f56bfc062723c751e8b465ee728b)
Start importing Assets/Engine/Models/Building/Textures/1668355318_idei-club-p-belii-mramor-tekstura-besshovnaya-dizain-i-7.jpg using Guid(b965a0b8e3f6c554f94a7c8c2bae368c) Importer(815301076,1909f56bfc062723c751e8b465ee728b)  -> (artifact id: '44e12e1fd5811aa03b5f11c5a08dc336') in 0.028907 seconds 
========================================================================
Received Import Request.
  Time since last request: 0.000021 seconds.
  path: Assets/Engine/Models/Building/Textures/map 7.png
  artifactKey: Guid(8f7bbe37f462dc840ae9b7c3e0c13ecb) Importer(815301076,1909f56bfc062723c751e8b465ee728b)
Start importing Assets/Engine/Models/Building/Textures/map 7.png using Guid(8f7bbe37f462dc840ae9b7c3e0c13ecb) Importer(815301076,1909f56bfc062723c751e8b465ee728b)  -> (artifact id: '98ea8bccdd6da4cb7460183d44dd2dd7') in 0.025550 seconds 
========================================================================
Received Import Request.
  Time since last request: 0.000043 seconds.
  path: Assets/Engine/Models/Building/Textures/Texture_map_4.png
  artifactKey: Guid(9678e9bf4d58e6442a53c99ba9eb4efe) Importer(815301076,1909f56bfc062723c751e8b465ee728b)
Start importing Assets/Engine/Models/Building/Textures/Texture_map_4.png using Guid(9678e9bf4d58e6442a53c99ba9eb4efe) Importer(815301076,1909f56bfc062723c751e8b465ee728b)  -> (artifact id: '4fa6939f811a64342baae4ea1113d1b7') in 0.021756 seconds 
========================================================================
Received Import Request.
  Time since last request: 0.000046 seconds.
  path: Assets/Engine/Models/Building/Textures/map 10.png
  artifactKey: Guid(3da215f35fd279941a4615d219488837) Importer(815301076,1909f56bfc062723c751e8b465ee728b)
Start importing Assets/Engine/Models/Building/Textures/map 10.png using Guid(3da215f35fd279941a4615d219488837) Importer(815301076,1909f56bfc062723c751e8b465ee728b)  -> (artifact id: 'c77618c3e32b46447df9e6009afa48e4') in 0.028232 seconds 
========================================================================
Received Import Request.
  Time since last request: 0.000015 seconds.
  path: Assets/Engine/Models/Building/Textures/Texture_map_1.png
  artifactKey: Guid(01a9d407727d55741be75bf45471ca82) Importer(815301076,1909f56bfc062723c751e8b465ee728b)
Start importing Assets/Engine/Models/Building/Textures/Texture_map_1.png using Guid(01a9d407727d55741be75bf45471ca82) Importer(815301076,1909f56bfc062723c751e8b465ee728b)  -> (artifact id: '8e6635fcaf65f49b9fa19862ac56bbc4') in 0.036767 seconds 
========================================================================
Received Import Request.
  Time since last request: 0.000017 seconds.
  path: Assets/Engine/Models/Building/Textures/map 4.png
  artifactKey: Guid(ee875605c031f7d42aa4f940251bae7c) Importer(815301076,1909f56bfc062723c751e8b465ee728b)
Start importing Assets/Engine/Models/Building/Textures/map 4.png using Guid(ee875605c031f7d42aa4f940251bae7c) Importer(815301076,1909f56bfc062723c751e8b465ee728b)  -> (artifact id: 'ef13d1edb9a56fe5e6cafcf3fc1a4605') in 0.049066 seconds 
========================================================================
Received Import Request.
  Time since last request: 0.000014 seconds.
  path: Assets/Engine/Models/Building/Textures/map 2.png
  artifactKey: Guid(d7018228688b64c4684d8e30a4f5ef1b) Importer(815301076,1909f56bfc062723c751e8b465ee728b)
Start importing Assets/Engine/Models/Building/Textures/map 2.png using Guid(d7018228688b64c4684d8e30a4f5ef1b) Importer(815301076,1909f56bfc062723c751e8b465ee728b)  -> (artifact id: 'fa7de6fe9bb6a3456dd10a8359c4be95') in 0.021913 seconds 
========================================================================
Received Import Request.
  Time since last request: 0.000028 seconds.
  path: Assets/Engine/Models/Building/Textures/map 6.png
  artifactKey: Guid(2af5d2c66b4629644b26c89df77b7ee8) Importer(815301076,1909f56bfc062723c751e8b465ee728b)
Start importing Assets/Engine/Models/Building/Textures/map 6.png using Guid(2af5d2c66b4629644b26c89df77b7ee8) Importer(815301076,1909f56bfc062723c751e8b465ee728b)  -> (artifact id: 'a07245c3aab7d0286aa8303cacca374c') in 0.051936 seconds 
========================================================================
Received Import Request.
  Time since last request: 18.527801 seconds.
  path: Assets/Engine/Scenes/Mansion/ReflectionProbe-10.exr
  artifactKey: Guid(3a63c3439c5408a49a4d93e3dc519e19) Importer(815301076,1909f56bfc062723c751e8b465ee728b)
Start importing Assets/Engine/Scenes/Mansion/ReflectionProbe-10.exr using Guid(3a63c3439c5408a49a4d93e3dc519e19) Importer(815301076,1909f56bfc062723c751e8b465ee728b)  -> (artifact id: '2a702d16fc91b21977ddf028a6723fb4') in 0.047725 seconds 
========================================================================
Received Import Request.
  Time since last request: 17.944429 seconds.
  path: Assets/Engine/Materials/Skyboxes/universe-skybox.mat
  artifactKey: Guid(3af36382e8a9c96408c54f994c4aac6d) Importer(815301076,1909f56bfc062723c751e8b465ee728b)
Start importing Assets/Engine/Materials/Skyboxes/universe-skybox.mat using Guid(3af36382e8a9c96408c54f994c4aac6d) Importer(815301076,1909f56bfc062723c751e8b465ee728b)  -> (artifact id: 'acf1065bd873ac9d7b074d1c3f7674d4') in 0.098039 seconds 
========================================================================
Received Import Request.
  Time since last request: 17.710753 seconds.
  path: Assets/Engine/Models/Building/Materials/New Material.mat
  artifactKey: Guid(7a48642e8347d8a488f8ffd7b138fdb8) Importer(815301076,1909f56bfc062723c751e8b465ee728b)
Start importing Assets/Engine/Models/Building/Materials/New Material.mat using Guid(7a48642e8347d8a488f8ffd7b138fdb8) Importer(815301076,1909f56bfc062723c751e8b465ee728b)  -> (artifact id: '1783d716455e181afa2bbf51ba498438') in 0.020654 seconds 
========================================================================
Received Import Request.
  Time since last request: 0.000014 seconds.
  path: Assets/Engine/Models/Building/Materials/Texture_map_3.mat
  artifactKey: Guid(d25bb6a9ea5ac51408b56078c42a0113) Importer(815301076,1909f56bfc062723c751e8b465ee728b)
Start importing Assets/Engine/Models/Building/Materials/Texture_map_3.mat using Guid(d25bb6a9ea5ac51408b56078c42a0113) Importer(815301076,1909f56bfc062723c751e8b465ee728b)  -> (artifact id: '319d1ccc90640e2ac5d2ce1a14e5eaee') in 0.043376 seconds 
========================================================================
Received Import Request.
  Time since last request: 0.000021 seconds.
  path: Assets/Engine/Models/Building/Materials/Version_1.2.5.mat
  artifactKey: Guid(23a95f02c2dc5754abe7b98ae30226bd) Importer(815301076,1909f56bfc062723c751e8b465ee728b)
Start importing Assets/Engine/Models/Building/Materials/Version_1.2.5.mat using Guid(23a95f02c2dc5754abe7b98ae30226bd) Importer(815301076,1909f56bfc062723c751e8b465ee728b)  -> (artifact id: '0c28d3ea7076f40810fb9de7eef0e8d0') in 0.039127 seconds 
Editor requested this worker to shutdown with reason: Scaling down because of idle timeout
AssetImportWorker is now disconnected from the server
Process exiting
Exiting without the bug reporter. Application will terminate with return code 0